[2026-02-14T15:36:06.184Z] GET /about 200
{"time":"2026-02-15T11:34:32.970Z","method":"GET","url":"/","statusCode":200,"durationMs":2}
{"time":"2026-02-15T11:34:38.955Z","method":"GET","url":"/about","statusCode":200,"durationMs":0}
{"time":"2026-02-15T11:35:04.209Z","method":"GET","url":"/fjdakfdjflkadj","statusCode":404,"durationMs":0}
{"time":"2026-02-15T16:37:18.218Z","method":"GET","url":"/","statusCode":200,"durationMs":2}
{"time":"2026-02-15T16:42:04.392Z","method":"GET","url":"/","statusCode":200,"durationMs":2}
{"time":"2026-02-15T17:10:47.269Z","method":"GET","url":"/about","statusCode":200,"durationMs":3}
{"time":"2026-02-15T17:10:49.649Z","method":"GET","url":"/","statusCode":200,"durationMs":0}
{"time":"2026-02-15T17:10:50.784Z","method":"GET","url":"/about","statusCode":200,"durationMs":0}
{"time":"2026-02-15T17:10:51.712Z","method":"GET","url":"/","statusCode":200,"durationMs":1}
{"time":"2026-02-15T17:10:52.280Z","method":"GET","url":"/about","statusCode":200,"durationMs":0}
{"time":"2026-02-15T17:10:52.727Z","method":"GET","url":"/","statusCode":200,"durationMs":0}
{"time":"2026-02-15T17:10:53.143Z","method":"GET","url":"/about","statusCode":200,"durationMs":0}
{"time":"2026-02-15T17:10:53.535Z","method":"GET","url":"/","statusCode":200,"durationMs":0}
{"time":"2026-02-15T17:10:54.120Z","method":"GET","url":"/about","statusCode":200,"durationMs":1}
{"time":"2026-02-15T17:10:55.913Z","method":"GET","url":"/","statusCode":200,"durationMs":1}
{"time":"2026-02-15T17:10:57.072Z","method":"GET","url":"/about","statusCode":200,"durationMs":0}
{"time":"2026-02-15T17:10:58.064Z","method":"GET","url":"/","statusCode":200,"durationMs":1}
{"time":"2026-02-15T17:10:58.432Z","method":"GET","url":"/about","statusCode":200,"durationMs":0}
{"time":"2026-02-15T17:10:58.817Z","method":"GET","url":"/","statusCode":200,"durationMs":1}
{"time":"2026-02-15T17:10:59.159Z","method":"GET","url":"/about","statusCode":200,"durationMs":1}
{"time":"2026-02-15T17:10:59.511Z","method":"GET","url":"/","statusCode":200,"durationMs":0}
{"time":"2026-02-15T17:10:59.839Z","method":"GET","url":"/about","statusCode":200,"durationMs":0}
{"time":"2026-02-15T17:11:00.912Z","method":"GET","url":"/","statusCode":200,"durationMs":1}
{"time":"2026-02-15T17:11:01.278Z","method":"GET","url":"/about","statusCode":200,"durationMs":0}
{"time":"2026-02-15T17:11:01.655Z","method":"GET","url":"/","statusCode":200,"durationMs":1}
{"time":"2026-02-15T17:11:01.958Z","method":"GET","url":"/about","statusCode":200,"durationMs":0}
{"time":"2026-02-15T17:11:02.335Z","method":"GET","url":"/","statusCode":200,"durationMs":1}
{"time":"2026-02-15T17:11:02.727Z","method":"GET","url":"/about","statusCode":200,"durationMs":1}
{"time":"2026-02-15T17:11:03.134Z","method":"GET","url":"/","statusCode":200,"durationMs":0}
{"time":"2026-02-15T17:11:25.166Z","method":"GET","url":"/about","statusCode":200,"durationMs":0}
{"time":"2026-02-15T17:11:25.557Z","method":"GET","url":"/","statusCode":200,"durationMs":0}
{"time":"2026-02-15T17:11:26.029Z","method":"GET","url":"/about","statusCode":200,"durationMs":0}
{"time":"2026-02-15T17:11:26.671Z","method":"GET","url":"/","statusCode":200,"durationMs":0}
{"time":"2026-02-15T17:11:29.694Z","method":"GET","url":"/dfjafkla","statusCode":404,"durationMs":0}
{"time":"2026-02-15T17:15:45.085Z","method":"GET","url":"/","statusCode":200,"durationMs":2}
{"time":"2026-02-15T17:15:45.098Z","method":"GET","url":"/styles.css","statusCode":404,"durationMs":0}
{"time":"2026-02-15T17:15:50.146Z","method":"GET","url":"/about","statusCode":200,"durationMs":0}
{"time":"2026-02-15T17:15:50.155Z","method":"GET","url":"/styles.css","statusCode":404,"durationMs":1}
{"time":"2026-02-15T17:15:55.352Z","method":"GET","url":"/style","statusCode":404,"durationMs":0}
{"time":"2026-02-15T17:16:01.413Z","method":"GET","url":"/style.css","statusCode":200,"durationMs":1}
{"time":"2026-02-15T17:18:10.430Z","method":"GET","url":"/","statusCode":200,"durationMs":0}
{"time":"2026-02-15T17:18:10.440Z","method":"GET","url":"/styles.css","statusCode":404,"durationMs":0}
{"time":"2026-02-15T17:18:34.062Z","method":"GET","url":"/about","statusCode":200,"durationMs":1}
{"time":"2026-02-15T17:18:34.077Z","method":"GET","url":"/styles.css","statusCode":404,"durationMs":0}
{"time":"2026-02-15T17:18:55.028Z","method":"GET","url":"/style.css","statusCode":200,"durationMs":1}
{"time":"2026-02-15T17:19:14.248Z","method":"GET","url":"/fdjkafdjlfkaj","statusCode":404,"durationMs":0}
{"time":"2026-02-15T17:31:17.321Z","method":"GET","url":"/fdjkafdjlfkaj","statusCode":404,"durationMs":2}
{"time":"2026-02-15T17:32:03.309Z","method":"GET","url":"/0Crownwealth.io.png","statusCode":200,"durationMs":2}
{"time":"2026-02-15T17:33:51.070Z","method":"GET","url":"/0Crownwealth.io.png","statusCode":200,"durationMs":1}
{"time":"2026-02-15T17:34:01.487Z","method":"GET","url":"/0Crownwealth.io.png","statusCode":200,"durationMs":4}
{"time":"2026-02-15T17:40:20.759Z","method":"GET","url":"/style.css","statusCode":200,"durationMs":0}
